<?xml version="1.0" encoding="UTF-8"?>
<testsuite name="tests.DouTest" tests="4" skipped="0" failures="0" errors="0" timestamp="2019-11-19T14:22:12" hostname="asu10909" time="26.941">
  <properties/>
  <testcase name="cloudBeesCompanyLinkRedirectsToProperWebSite" classname="tests.DouTest" time="11.732"/>
  <testcase name="javaJuniorSoftwareEngineerCurrentAverageSalary" classname="tests.DouTest" time="4.426"/>
  <testcase name="javaSeniorSoftwareEngineerCurrentMaxSalary" classname="tests.DouTest" time="4.389"/>
  <testcase name="pmSalaryOnDecember2011" classname="tests.DouTest" time="4.174"/>
  <system-out><![CDATA[]]></system-out>
  <system-err><![CDATA[[Test worker] INFO com.codeborne.selenide.impl.WebDriverThreadLocalContainer - No webdriver is bound to current thread: 14 - let's create a new webdriver
[Test worker] INFO io.github.bonigarcia.wdm.WebDriverManager - Using chromedriver 78.0.3904.105 (since Google Chrome 78 is installed in your machine)
[Test worker] INFO io.github.bonigarcia.wdm.WebDriverManager - Exporting webdriver.chrome.driver as C:\Users\admin.ASU10909\.m2\repository\webdriver\chromedriver\win32\78.0.3904.105\chromedriver.exe
Starting ChromeDriver 78.0.3904.105 (60e2d8774a8151efa6a00b1f358371b1e0e07ee2-refs/branch-heads/3904@{#877}) on port 32942
Only local connections are allowed.
Please protect ports used by ChromeDriver and related test frameworks to prevent access by malicious code.
нояб. 19, 2019 4:22:13 PM org.openqa.selenium.remote.ProtocolHandshake createSession
INFO: Detected dialect: W3C
[Test worker] INFO com.codeborne.selenide.webdriver.WebDriverFactory - BrowserName=chrome Version=78.0.3904.108 Platform=XP
[Test worker] INFO com.codeborne.selenide.webdriver.WebDriverFactory - Selenide v. 5.5.0
[Test worker] INFO com.codeborne.selenide.webdriver.WebDriverFactory - Selenium WebDriver v. 3.141.59 build time: 2018-11-14T08:17:03
[Test worker] INFO com.codeborne.selenide.drivercommands.CreateDriverCommand - Create webdriver in current thread 14: ChromeDriver -> ChromeDriver: chrome on XP (1780950a233b7384a6ce3a482d4e6753)
[Test worker] INFO com.codeborne.selenide.impl.WebDriverThreadLocalContainer - Webdriver has been closed meanwhile. Let's re-create it.
[Test worker] INFO com.codeborne.selenide.drivercommands.CloseDriverCommand - Close webdriver: 14 -> ChromeDriver: chrome on XP (null)
[Thread-5] INFO com.codeborne.selenide.drivercommands.CloseDriverCommand - Trying to close the browser ChromeDriver ...
[Test worker] INFO com.codeborne.selenide.drivercommands.CloseDriverCommand - Closed webdriver 14 in 1 ms
Starting ChromeDriver 78.0.3904.105 (60e2d8774a8151efa6a00b1f358371b1e0e07ee2-refs/branch-heads/3904@{#877}) on port 27384
Only local connections are allowed.
Please protect ports used by ChromeDriver and related test frameworks to prevent access by malicious code.
нояб. 19, 2019 4:22:25 PM org.openqa.selenium.remote.ProtocolHandshake createSession
INFO: Detected dialect: W3C
[Test worker] INFO com.codeborne.selenide.webdriver.WebDriverFactory - BrowserName=chrome Version=78.0.3904.108 Platform=XP
[Test worker] INFO com.codeborne.selenide.webdriver.WebDriverFactory - Selenide v. 5.5.0
[Test worker] INFO com.codeborne.selenide.webdriver.WebDriverFactory - Selenium WebDriver v. 3.141.59 build time: 2018-11-14T08:17:03
[Test worker] INFO com.codeborne.selenide.drivercommands.CreateDriverCommand - Create webdriver in current thread 14: ChromeDriver -> ChromeDriver: chrome on XP (8a2b137f95d4f6695a03fda32bd76a66)
[Test worker] INFO com.codeborne.selenide.impl.WebDriverThreadLocalContainer - Webdriver has been closed meanwhile. Let's re-create it.
[Test worker] INFO com.codeborne.selenide.drivercommands.CloseDriverCommand - Close webdriver: 14 -> ChromeDriver: chrome on XP (null)
[Thread-7] INFO com.codeborne.selenide.drivercommands.CloseDriverCommand - Trying to close the browser ChromeDriver ...
[Test worker] INFO com.codeborne.selenide.drivercommands.CloseDriverCommand - Closed webdriver 14 in 0 ms
Starting ChromeDriver 78.0.3904.105 (60e2d8774a8151efa6a00b1f358371b1e0e07ee2-refs/branch-heads/3904@{#877}) on port 32303
Only local connections are allowed.
Please protect ports used by ChromeDriver and related test frameworks to prevent access by malicious code.
нояб. 19, 2019 4:22:30 PM org.openqa.selenium.remote.ProtocolHandshake createSession
INFO: Detected dialect: W3C
[Test worker] INFO com.codeborne.selenide.webdriver.WebDriverFactory - BrowserName=chrome Version=78.0.3904.108 Platform=XP
[Test worker] INFO com.codeborne.selenide.webdriver.WebDriverFactory - Selenide v. 5.5.0
[Test worker] INFO com.codeborne.selenide.webdriver.WebDriverFactory - Selenium WebDriver v. 3.141.59 build time: 2018-11-14T08:17:03
[Test worker] INFO com.codeborne.selenide.drivercommands.CreateDriverCommand - Create webdriver in current thread 14: ChromeDriver -> ChromeDriver: chrome on XP (a452a0819cf4f427c426b23cff81b3f6)
[Test worker] INFO com.codeborne.selenide.impl.WebDriverThreadLocalContainer - Webdriver has been closed meanwhile. Let's re-create it.
[Test worker] INFO com.codeborne.selenide.drivercommands.CloseDriverCommand - Close webdriver: 14 -> ChromeDriver: chrome on XP (null)
[Thread-9] INFO com.codeborne.selenide.drivercommands.CloseDriverCommand - Trying to close the browser ChromeDriver ...
[Test worker] INFO com.codeborne.selenide.drivercommands.CloseDriverCommand - Closed webdriver 14 in 0 ms
Starting ChromeDriver 78.0.3904.105 (60e2d8774a8151efa6a00b1f358371b1e0e07ee2-refs/branch-heads/3904@{#877}) on port 21846
Only local connections are allowed.
Please protect ports used by ChromeDriver and related test frameworks to prevent access by malicious code.
нояб. 19, 2019 4:22:35 PM org.openqa.selenium.remote.ProtocolHandshake createSession
INFO: Detected dialect: W3C
[Test worker] INFO com.codeborne.selenide.webdriver.WebDriverFactory - BrowserName=chrome Version=78.0.3904.108 Platform=XP
[Test worker] INFO com.codeborne.selenide.webdriver.WebDriverFactory - Selenide v. 5.5.0
[Test worker] INFO com.codeborne.selenide.webdriver.WebDriverFactory - Selenium WebDriver v. 3.141.59 build time: 2018-11-14T08:17:03
[Test worker] INFO com.codeborne.selenide.drivercommands.CreateDriverCommand - Create webdriver in current thread 14: ChromeDriver -> ChromeDriver: chrome on XP (a0e4d2a0b8d638388860a3f34c93d975)
]]></system-err>
</testsuite>
